<?xml version="1.0" encoding="UTF-8" standalone="yes"?><testsuite failures="0" errors="0" hostname="Vitaliys-MacBook-Pro.local" name="LPSimpleExampleUITests" tests="2" time="12.0" timestamp="2016-10-26T11:35:44.450+03:00"><testcase classname="LPSimpleExampleUITests" name="testExample" time="6.389"/><testcase classname="LPSimpleExampleUITests" name="testRemove" time="6.321"/></testsuite>